<?xml version="1.0" encoding="UTF-8"?>
<testsuites>
  <testsuite name="CLI Arguments" tests="1" assertions="18" errors="0" failures="0" skipped="0" time="6.825079">
    <testsuite name="Tests\Feature\LaravelNyumon\Station14\DiaryControllerTest" file="/var/www/tests/Feature/LaravelNyumon/Station14/DiaryControllerTest.php" tests="1" assertions="18" errors="0" failures="0" skipped="0" time="6.825079">
      <testcase name="test_記事の一覧がJSONで返却される" file="/var/www/tests/Feature/LaravelNyumon/Station14/DiaryControllerTest.php" line="17" class="Tests\Feature\LaravelNyumon\Station14\DiaryControllerTest" classname="Tests.Feature.LaravelNyumon.Station14.DiaryControllerTest" assertions="18" time="6.825079"/>
    </testsuite>
  </testsuite>
</testsuites>
